<?xml version="1.0" encoding="UTF-8"?>
<testng-results skipped="0" failed="0" total="57" passed="57">
  <reporter-output>
  </reporter-output>
  <suite name="Command line suite" duration-ms="1112" started-at="2015-07-18T06:54:19Z" finished-at="2015-07-18T06:54:20Z">
    <groups>
      <group name="new-edge">
        <method signature="ModelBuilderTest.testNewEdge()[pri:0, instance:nl.hugojanssen.sqlgraph.model.graph.ModelBuilderTest@1ebf1eb]" name="testNewEdge" class="nl.hugojanssen.sqlgraph.model.graph.ModelBuilderTest"/>
      </group> <!-- new-edge -->
      <group name="addfiles">
        <method signature="SQLWorkflowTest.testAddWorkflowFile()[pri:0, instance:nl.hugojanssen.sqlgraph.model.sql.SQLWorkflowTest@16b0c24]" name="testAddWorkflowFile" class="nl.hugojanssen.sqlgraph.model.sql.SQLWorkflowTest"/>
        <method signature="SQLWorkflowTest.testAddWorkflowFileNull()[pri:0, instance:nl.hugojanssen.sqlgraph.model.sql.SQLWorkflowTest@16b0c24]" name="testAddWorkflowFileNull" class="nl.hugojanssen.sqlgraph.model.sql.SQLWorkflowTest"/>
      </group> <!-- addfiles -->
      <group name="new-node">
        <method signature="ModelBuilderTest.testNewNode()[pri:0, instance:nl.hugojanssen.sqlgraph.model.graph.ModelBuilderTest@1ebf1eb]" name="testNewNode" class="nl.hugojanssen.sqlgraph.model.graph.ModelBuilderTest"/>
      </group> <!-- new-node -->
      <group name="visitors">
        <method signature="SQLWorkflowTest.testAddVisitor()[pri:0, instance:nl.hugojanssen.sqlgraph.model.sql.SQLWorkflowTest@16b0c24]" name="testAddVisitor" class="nl.hugojanssen.sqlgraph.model.sql.SQLWorkflowTest"/>
      </group> <!-- visitors -->
      <group name="add-node">
        <method signature="ModelBuilderTest.testAddNode()[pri:0, instance:nl.hugojanssen.sqlgraph.model.graph.ModelBuilderTest@1ebf1eb]" name="testAddNode" class="nl.hugojanssen.sqlgraph.model.graph.ModelBuilderTest"/>
      </group> <!-- add-node -->
      <group name="set-visitors">
        <method signature="SQLStatementTest.testSetVisitors()[pri:0, instance:nl.hugojanssen.sqlgraph.model.sql.SQLStatementTest@ab7af2]" name="testSetVisitors" class="nl.hugojanssen.sqlgraph.model.sql.SQLStatementTest"/>
      </group> <!-- set-visitors -->
      <group name="construct-model">
        <method signature="ModelBuilderTest.testConstructor()[pri:0, instance:nl.hugojanssen.sqlgraph.model.graph.ModelBuilderTest@1ebf1eb]" name="testConstructor" class="nl.hugojanssen.sqlgraph.model.graph.ModelBuilderTest"/>
      </group> <!-- construct-model -->
      <group name="construct-workflow">
        <method signature="SQLWorkflowTest.testConstructor()[pri:0, instance:nl.hugojanssen.sqlgraph.model.sql.SQLWorkflowTest@16b0c24]" name="testConstructor" class="nl.hugojanssen.sqlgraph.model.sql.SQLWorkflowTest"/>
      </group> <!-- construct-workflow -->
      <group name="construct-statement">
        <method signature="SQLStatementTest.testConstructor()[pri:0, instance:nl.hugojanssen.sqlgraph.model.sql.SQLStatementTest@ab7af2]" name="testConstructor" class="nl.hugojanssen.sqlgraph.model.sql.SQLStatementTest"/>
      </group> <!-- construct-statement -->
      <group name="construct-table">
        <method signature="SQLTableTest.testSQLTable()[pri:0, instance:nl.hugojanssen.sqlgraph.model.sql.SQLTableTest@755df3]" name="testSQLTable" class="nl.hugojanssen.sqlgraph.model.sql.SQLTableTest"/>
      </group> <!-- construct-table -->
      <group name="add-edge">
        <method signature="ModelBuilderTest.testAddEdge()[pri:0, instance:nl.hugojanssen.sqlgraph.model.graph.ModelBuilderTest@1ebf1eb]" name="testAddEdge" class="nl.hugojanssen.sqlgraph.model.graph.ModelBuilderTest"/>
      </group> <!-- add-edge -->
    </groups>
    <test name="Command line test" duration-ms="1112" started-at="2015-07-18T06:54:19Z" finished-at="2015-07-18T06:54:20Z">
      <class name="nl.hugojanssen.sqlgraph.visitors.TableVisitorCreateTableAsTest">
        <test-method status="PASS" signature="testCreateFilmsRecent()[pri:0, instance:nl.hugojanssen.sqlgraph.visitors.TableVisitorCreateTableAsTest@54a25f]" name="testCreateFilmsRecent" duration-ms="1" started-at="2015-07-18T08:54:20Z" description="Creates films_recent table" finished-at="2015-07-18T08:54:20Z">
          <reporter-output>
          </reporter-output>
        </test-method> <!-- testCreateFilmsRecent -->
        <test-method status="PASS" signature="testResultSet()[pri:0, instance:nl.hugojanssen.sqlgraph.visitors.TableVisitorCreateTableAsTest@54a25f]" name="testResultSet" duration-ms="1" started-at="2015-07-18T08:54:20Z" description="Tests size of the resultset" finished-at="2015-07-18T08:54:20Z">
          <reporter-output>
          </reporter-output>
        </test-method> <!-- testResultSet -->
      </class> <!-- nl.hugojanssen.sqlgraph.visitors.TableVisitorCreateTableAsTest -->
      <class name="nl.hugojanssen.sqlgraph.visitors.TableVisitorUpdateTest">
        <test-method status="PASS" signature="testReferencedUpdate2()[pri:0, instance:nl.hugojanssen.sqlgraph.visitors.TableVisitorUpdateTest@51e202]" name="testReferencedUpdate2" duration-ms="1" started-at="2015-07-18T08:54:20Z" description="Tests update statements with multiple referenced tables" finished-at="2015-07-18T08:54:20Z">
          <reporter-output>
          </reporter-output>
        </test-method> <!-- testReferencedUpdate2 -->
        <test-method status="PASS" signature="testReferencedUpdate()[pri:0, instance:nl.hugojanssen.sqlgraph.visitors.TableVisitorUpdateTest@51e202]" name="testReferencedUpdate" duration-ms="0" started-at="2015-07-18T08:54:20Z" description="Tests update statements with referenced table" finished-at="2015-07-18T08:54:20Z">
          <reporter-output>
          </reporter-output>
        </test-method> <!-- testReferencedUpdate -->
        <test-method status="PASS" signature="testReferencedWithWhere()[pri:0, instance:nl.hugojanssen.sqlgraph.visitors.TableVisitorUpdateTest@51e202]" name="testReferencedWithWhere" duration-ms="0" started-at="2015-07-18T08:54:20Z" description="Tests update statements referenced table and where condition" finished-at="2015-07-18T08:54:20Z">
          <reporter-output>
          </reporter-output>
        </test-method> <!-- testReferencedWithWhere -->
        <test-method status="PASS" signature="testResultSet()[pri:0, instance:nl.hugojanssen.sqlgraph.visitors.TableVisitorUpdateTest@51e202]" name="testResultSet" duration-ms="0" started-at="2015-07-18T08:54:20Z" description="Tests size of the resultset" finished-at="2015-07-18T08:54:20Z">
          <reporter-output>
          </reporter-output>
        </test-method> <!-- testResultSet -->
        <test-method status="PASS" signature="testSimpleUpdate()[pri:0, instance:nl.hugojanssen.sqlgraph.visitors.TableVisitorUpdateTest@51e202]" name="testSimpleUpdate" duration-ms="0" started-at="2015-07-18T08:54:20Z" description="Tests update statements with one target table" finished-at="2015-07-18T08:54:20Z">
          <reporter-output>
          </reporter-output>
        </test-method> <!-- testSimpleUpdate -->
      </class> <!-- nl.hugojanssen.sqlgraph.visitors.TableVisitorUpdateTest -->
      <class name="nl.hugojanssen.sqlgraph.model.graph.CopyOfModelBuilderTest">
        <test-method status="PASS" signature="setup()[pri:0, instance:nl.hugojanssen.sqlgraph.model.graph.CopyOfModelBuilderTest@1125f92]" name="setup" is-config="true" duration-ms="339" started-at="2015-07-18T08:54:19Z" finished-at="2015-07-18T08:54:20Z">
          <reporter-output>
          </reporter-output>
        </test-method> <!-- setup -->
        <test-method status="PASS" signature="setup()[pri:0, instance:nl.hugojanssen.sqlgraph.model.graph.ModelBuilderTest@1ebf1eb]" name="setup" is-config="true" duration-ms="0" started-at="2015-07-18T08:54:20Z" finished-at="2015-07-18T08:54:20Z">
          <reporter-output>
          </reporter-output>
        </test-method> <!-- setup -->
        <test-method status="PASS" signature="setup()[pri:0, instance:nl.hugojanssen.sqlgraph.model.sql.SQLStatementTest@ab7af2]" name="setup" is-config="true" duration-ms="545" started-at="2015-07-18T08:54:20Z" finished-at="2015-07-18T08:54:20Z">
          <reporter-output>
          </reporter-output>
        </test-method> <!-- setup -->
        <test-method status="PASS" signature="setup()[pri:0, instance:nl.hugojanssen.sqlgraph.model.sql.SQLTableTest@755df3]" name="setup" is-config="true" duration-ms="5" started-at="2015-07-18T08:54:20Z" finished-at="2015-07-18T08:54:20Z">
          <reporter-output>
          </reporter-output>
        </test-method> <!-- setup -->
        <test-method status="PASS" signature="setup()[pri:0, instance:nl.hugojanssen.sqlgraph.model.sql.SQLWorkflowTest@16b0c24]" name="setup" is-config="true" duration-ms="1" started-at="2015-07-18T08:54:20Z" finished-at="2015-07-18T08:54:20Z">
          <reporter-output>
          </reporter-output>
        </test-method> <!-- setup -->
        <test-method status="PASS" signature="setup()[pri:0, instance:nl.hugojanssen.sqlgraph.visitors.TableVisitorCreateTableAsTest@54a25f]" name="setup" is-config="true" duration-ms="26" started-at="2015-07-18T08:54:20Z" finished-at="2015-07-18T08:54:20Z">
          <reporter-output>
          </reporter-output>
        </test-method> <!-- setup -->
        <test-method status="PASS" signature="setup()[pri:0, instance:nl.hugojanssen.sqlgraph.visitors.TableVisitorCreateTableTest@70114c]" name="setup" is-config="true" duration-ms="14" started-at="2015-07-18T08:54:20Z" finished-at="2015-07-18T08:54:20Z">
          <reporter-output>
          </reporter-output>
        </test-method> <!-- setup -->
        <test-method status="PASS" signature="setup()[pri:0, instance:nl.hugojanssen.sqlgraph.visitors.TableVisitorInsertTest@17f98e7]" name="setup" is-config="true" duration-ms="12" started-at="2015-07-18T08:54:20Z" finished-at="2015-07-18T08:54:20Z">
          <reporter-output>
          </reporter-output>
        </test-method> <!-- setup -->
        <test-method status="PASS" signature="setup()[pri:0, instance:nl.hugojanssen.sqlgraph.visitors.TableVisitorJoinTest@fa1f5]" name="setup" is-config="true" duration-ms="21" started-at="2015-07-18T08:54:20Z" finished-at="2015-07-18T08:54:20Z">
          <reporter-output>
          </reporter-output>
        </test-method> <!-- setup -->
        <test-method status="PASS" signature="setup()[pri:0, instance:nl.hugojanssen.sqlgraph.visitors.TableVisitorUpdateTest@51e202]" name="setup" is-config="true" duration-ms="11" started-at="2015-07-18T08:54:20Z" finished-at="2015-07-18T08:54:20Z">
          <reporter-output>
          </reporter-output>
        </test-method> <!-- setup -->
      </class> <!-- nl.hugojanssen.sqlgraph.model.graph.CopyOfModelBuilderTest -->
      <class name="nl.hugojanssen.sqlgraph.model.sql.SQLStatementTest">
        <test-method status="PASS" signature="testConstructor()[pri:0, instance:nl.hugojanssen.sqlgraph.model.sql.SQLStatementTest@ab7af2]" name="testConstructor" duration-ms="0" started-at="2015-07-18T08:54:20Z" description="Tests constructor" finished-at="2015-07-18T08:54:20Z">
          <reporter-output>
          </reporter-output>
        </test-method> <!-- testConstructor -->
        <test-method status="PASS" signature="testSetVisitors()[pri:0, instance:nl.hugojanssen.sqlgraph.model.sql.SQLStatementTest@ab7af2]" name="testSetVisitors" duration-ms="0" depends-on-groups="construct-statement" started-at="2015-07-18T08:54:20Z" description="Tests setVisitors" finished-at="2015-07-18T08:54:20Z">
          <reporter-output>
          </reporter-output>
        </test-method> <!-- testSetVisitors -->
        <test-method status="PASS" signature="testVisit()[pri:0, instance:nl.hugojanssen.sqlgraph.model.sql.SQLStatementTest@ab7af2]" name="testVisit" duration-ms="0" depends-on-groups="set-visitors" started-at="2015-07-18T08:54:20Z" description="Tests visit" finished-at="2015-07-18T08:54:20Z">
          <reporter-output>
          </reporter-output>
        </test-method> <!-- testVisit -->
      </class> <!-- nl.hugojanssen.sqlgraph.model.sql.SQLStatementTest -->
      <class name="nl.hugojanssen.sqlgraph.model.sql.SQLTableTest">
        <test-method status="PASS" signature="testSQLTable()[pri:0, instance:nl.hugojanssen.sqlgraph.model.sql.SQLTableTest@755df3]" name="testSQLTable" duration-ms="0" started-at="2015-07-18T08:54:20Z" description="Test constructor" finished-at="2015-07-18T08:54:20Z">
          <reporter-output>
          </reporter-output>
        </test-method> <!-- testSQLTable -->
        <test-method status="PASS" signature="testEquals()[pri:0, instance:nl.hugojanssen.sqlgraph.model.sql.SQLTableTest@755df3]" name="testEquals" duration-ms="1" depends-on-groups="construct-table" started-at="2015-07-18T08:54:20Z" description="Test equals" finished-at="2015-07-18T08:54:20Z">
          <reporter-output>
          </reporter-output>
        </test-method> <!-- testEquals -->
        <test-method status="PASS" signature="testToString()[pri:0, instance:nl.hugojanssen.sqlgraph.model.sql.SQLTableTest@755df3]" name="testToString" duration-ms="0" depends-on-groups="construct-table" started-at="2015-07-18T08:54:20Z" description="Test toString" finished-at="2015-07-18T08:54:20Z">
          <reporter-output>
          </reporter-output>
        </test-method> <!-- testToString -->
        <test-method status="PASS" signature="testHashCode()[pri:0, instance:nl.hugojanssen.sqlgraph.model.sql.SQLTableTest@755df3]" name="testHashCode" duration-ms="0" depends-on-groups="construct-table" started-at="2015-07-18T08:54:20Z" description="Test hashCode" finished-at="2015-07-18T08:54:20Z">
          <reporter-output>
          </reporter-output>
        </test-method> <!-- testHashCode -->
        <test-method status="PASS" signature="testValidateState()[pri:0, instance:nl.hugojanssen.sqlgraph.model.sql.SQLTableTest@755df3]" name="testValidateState" duration-ms="1" depends-on-groups="construct-table" started-at="2015-07-18T08:54:20Z" description="Test validateState" finished-at="2015-07-18T08:54:20Z">
          <reporter-output>
          </reporter-output>
        </test-method> <!-- testValidateState -->
      </class> <!-- nl.hugojanssen.sqlgraph.model.sql.SQLTableTest -->
      <class name="nl.hugojanssen.sqlgraph.visitors.TableVisitorInsertTest">
        <test-method status="PASS" signature="testInsert1()[pri:0, instance:nl.hugojanssen.sqlgraph.visitors.TableVisitorInsertTest@17f98e7]" name="testInsert1" duration-ms="0" started-at="2015-07-18T08:54:20Z" description="Tests insert statements with values, single row, with named columns" finished-at="2015-07-18T08:54:20Z">
          <reporter-output>
          </reporter-output>
        </test-method> <!-- testInsert1 -->
        <test-method status="PASS" signature="testInsert4()[pri:0, instance:nl.hugojanssen.sqlgraph.visitors.TableVisitorInsertTest@17f98e7]" name="testInsert4" duration-ms="1" started-at="2015-07-18T08:54:20Z" description="Tests insert statements with subquery, no named columns, no alias" finished-at="2015-07-18T08:54:20Z">
          <reporter-output>
          </reporter-output>
        </test-method> <!-- testInsert4 -->
        <test-method status="PASS" signature="testInsert3()[pri:0, instance:nl.hugojanssen.sqlgraph.visitors.TableVisitorInsertTest@17f98e7]" name="testInsert3" duration-ms="0" started-at="2015-07-18T08:54:20Z" description="Tests insert statements with subquery, named columns, with function" finished-at="2015-07-18T08:54:20Z">
          <reporter-output>
          </reporter-output>
        </test-method> <!-- testInsert3 -->
        <test-method status="PASS" signature="testInsert2()[pri:0, instance:nl.hugojanssen.sqlgraph.visitors.TableVisitorInsertTest@17f98e7]" name="testInsert2" duration-ms="0" started-at="2015-07-18T08:54:20Z" description="Tests insert statements with values, multiple rows, no named columns" finished-at="2015-07-18T08:54:20Z">
          <reporter-output>
          </reporter-output>
        </test-method> <!-- testInsert2 -->
        <test-method status="PASS" signature="testInsert5()[pri:0, instance:nl.hugojanssen.sqlgraph.visitors.TableVisitorInsertTest@17f98e7]" name="testInsert5" duration-ms="0" started-at="2015-07-18T08:54:20Z" description="Tests insert statements with subquery, no named columns, with alias" finished-at="2015-07-18T08:54:20Z">
          <reporter-output>
          </reporter-output>
        </test-method> <!-- testInsert5 -->
        <test-method status="PASS" signature="testResultSet()[pri:0, instance:nl.hugojanssen.sqlgraph.visitors.TableVisitorInsertTest@17f98e7]" name="testResultSet" duration-ms="0" started-at="2015-07-18T08:54:20Z" description="Tests size of the resultset" finished-at="2015-07-18T08:54:20Z">
          <reporter-output>
          </reporter-output>
        </test-method> <!-- testResultSet -->
      </class> <!-- nl.hugojanssen.sqlgraph.visitors.TableVisitorInsertTest -->
      <class name="nl.hugojanssen.sqlgraph.model.graph.ModelBuilderTest">
        <test-method status="PASS" signature="testConstructor()[pri:0, instance:nl.hugojanssen.sqlgraph.model.graph.ModelBuilderTest@1ebf1eb]" name="testConstructor" duration-ms="0" started-at="2015-07-18T08:54:20Z" description="Tests constructor" finished-at="2015-07-18T08:54:20Z">
          <reporter-output>
          </reporter-output>
        </test-method> <!-- testConstructor -->
        <test-method status="PASS" signature="testNewNode()[pri:0, instance:nl.hugojanssen.sqlgraph.model.graph.ModelBuilderTest@1ebf1eb]" name="testNewNode" duration-ms="1" depends-on-groups="construct-model" started-at="2015-07-18T08:54:20Z" description="Tests newNode" finished-at="2015-07-18T08:54:20Z">
          <reporter-output>
          </reporter-output>
        </test-method> <!-- testNewNode -->
        <test-method status="PASS" signature="testAddNode()[pri:0, instance:nl.hugojanssen.sqlgraph.model.graph.ModelBuilderTest@1ebf1eb]" name="testAddNode" duration-ms="6" depends-on-groups="new-node" started-at="2015-07-18T08:54:20Z" description="Tests addNode" finished-at="2015-07-18T08:54:20Z">
          <reporter-output>
          </reporter-output>
        </test-method> <!-- testAddNode -->
        <test-method status="PASS" signature="testNodes()[pri:0, instance:nl.hugojanssen.sqlgraph.model.graph.ModelBuilderTest@1ebf1eb]" name="testNodes" duration-ms="2" depends-on-groups="new-node" started-at="2015-07-18T08:54:20Z" description="Tests " finished-at="2015-07-18T08:54:20Z">
          <reporter-output>
          </reporter-output>
        </test-method> <!-- testNodes -->
        <test-method status="PASS" signature="testEqualsNode()[pri:0, instance:nl.hugojanssen.sqlgraph.model.graph.ModelBuilderTest@1ebf1eb]" name="testEqualsNode" duration-ms="1" depends-on-groups="add-node" started-at="2015-07-18T08:54:20Z" description="Tests equals (Node)" finished-at="2015-07-18T08:54:20Z">
          <reporter-output>
          </reporter-output>
        </test-method> <!-- testEqualsNode -->
        <test-method status="PASS" signature="testExistsNode()[pri:0, instance:nl.hugojanssen.sqlgraph.model.graph.ModelBuilderTest@1ebf1eb]" name="testExistsNode" duration-ms="0" depends-on-groups="add-node" started-at="2015-07-18T08:54:20Z" description="Tests exists (Node)" finished-at="2015-07-18T08:54:20Z">
          <reporter-output>
          </reporter-output>
        </test-method> <!-- testExistsNode -->
        <test-method status="PASS" signature="testGetNodeByName()[pri:0, instance:nl.hugojanssen.sqlgraph.model.graph.ModelBuilderTest@1ebf1eb]" name="testGetNodeByName" duration-ms="0" depends-on-groups="add-node" started-at="2015-07-18T08:54:20Z" description="Tests getNodeByName" finished-at="2015-07-18T08:54:20Z">
          <reporter-output>
          </reporter-output>
        </test-method> <!-- testGetNodeByName -->
        <test-method status="PASS" signature="testGetNodeName()[pri:0, instance:nl.hugojanssen.sqlgraph.model.graph.ModelBuilderTest@1ebf1eb]" name="testGetNodeName" duration-ms="0" depends-on-groups="add-node" started-at="2015-07-18T08:54:20Z" description="Tests getNodeName" finished-at="2015-07-18T08:54:20Z">
          <reporter-output>
          </reporter-output>
        </test-method> <!-- testGetNodeName -->
        <test-method status="PASS" signature="testGetNodeIdForName()[pri:0, instance:nl.hugojanssen.sqlgraph.model.graph.ModelBuilderTest@1ebf1eb]" name="testGetNodeIdForName" duration-ms="0" depends-on-groups="add-node" started-at="2015-07-18T08:54:20Z" description="Tests getNodeIdForName" finished-at="2015-07-18T08:54:20Z">
          <reporter-output>
          </reporter-output>
        </test-method> <!-- testGetNodeIdForName -->
        <test-method status="PASS" signature="testNewEdge()[pri:0, instance:nl.hugojanssen.sqlgraph.model.graph.ModelBuilderTest@1ebf1eb]" name="testNewEdge" duration-ms="6" depends-on-groups="add-node" started-at="2015-07-18T08:54:20Z" description="Tests newEdge" finished-at="2015-07-18T08:54:20Z">
          <reporter-output>
          </reporter-output>
        </test-method> <!-- testNewEdge -->
        <test-method status="PASS" signature="testAddEdge()[pri:0, instance:nl.hugojanssen.sqlgraph.model.graph.ModelBuilderTest@1ebf1eb]" name="testAddEdge" duration-ms="5" depends-on-groups="new-edge" started-at="2015-07-18T08:54:20Z" description="Tests addEdge" finished-at="2015-07-18T08:54:20Z">
          <reporter-output>
          </reporter-output>
        </test-method> <!-- testAddEdge -->
        <test-method status="PASS" signature="testExistsEdge()[pri:0, instance:nl.hugojanssen.sqlgraph.model.graph.ModelBuilderTest@1ebf1eb]" name="testExistsEdge" duration-ms="1" depends-on-groups="add-edge" started-at="2015-07-18T08:54:20Z" description="Tests exists (Edge) " finished-at="2015-07-18T08:54:20Z">
          <reporter-output>
          </reporter-output>
        </test-method> <!-- testExistsEdge -->
        <test-method status="PASS" signature="testEqualsEdge()[pri:0, instance:nl.hugojanssen.sqlgraph.model.graph.ModelBuilderTest@1ebf1eb]" name="testEqualsEdge" duration-ms="0" depends-on-groups="add-edge" started-at="2015-07-18T08:54:20Z" description="Tests equals (Edge)" finished-at="2015-07-18T08:54:20Z">
          <reporter-output>
          </reporter-output>
        </test-method> <!-- testEqualsEdge -->
        <test-method status="PASS" signature="testGetEdgeName()[pri:0, instance:nl.hugojanssen.sqlgraph.model.graph.ModelBuilderTest@1ebf1eb]" name="testGetEdgeName" duration-ms="0" depends-on-groups="add-edge" started-at="2015-07-18T08:54:20Z" description="Tests getEdgeName" finished-at="2015-07-18T08:54:20Z">
          <reporter-output>
          </reporter-output>
        </test-method> <!-- testGetEdgeName -->
      </class> <!-- nl.hugojanssen.sqlgraph.model.graph.ModelBuilderTest -->
      <class name="nl.hugojanssen.sqlgraph.model.sql.EClauseTypeTest">
        <test-method status="PASS" signature="testValues()[pri:0, instance:nl.hugojanssen.sqlgraph.model.sql.EClauseTypeTest@1f16e6e]" name="testValues" duration-ms="2" started-at="2015-07-18T08:54:20Z" description="Tests EClauseType values" finished-at="2015-07-18T08:54:20Z">
          <reporter-output>
          </reporter-output>
        </test-method> <!-- testValues -->
      </class> <!-- nl.hugojanssen.sqlgraph.model.sql.EClauseTypeTest -->
      <class name="nl.hugojanssen.sqlgraph.visitors.TableVisitorJoinTest">
        <test-method status="PASS" signature="testJoinInWhere()[pri:0, instance:nl.hugojanssen.sqlgraph.visitors.TableVisitorJoinTest@fa1f5]" name="testJoinInWhere" duration-ms="0" started-at="2015-07-18T08:54:20Z" description="Tests insert statements with join in where condition" finished-at="2015-07-18T08:54:20Z">
          <reporter-output>
          </reporter-output>
        </test-method> <!-- testJoinInWhere -->
        <test-method status="PASS" signature="testNestedSubquery()[pri:0, instance:nl.hugojanssen.sqlgraph.visitors.TableVisitorJoinTest@fa1f5]" name="testNestedSubquery" duration-ms="0" started-at="2015-07-18T08:54:20Z" description="Tests insert statements with join in nested subquery" finished-at="2015-07-18T08:54:20Z">
          <reporter-output>
          </reporter-output>
        </test-method> <!-- testNestedSubquery -->
        <test-method status="PASS" signature="testLeftJoin()[pri:0, instance:nl.hugojanssen.sqlgraph.visitors.TableVisitorJoinTest@fa1f5]" name="testLeftJoin" duration-ms="0" started-at="2015-07-18T08:54:20Z" description="Tests insert statements left join" finished-at="2015-07-18T08:54:20Z">
          <reporter-output>
          </reporter-output>
        </test-method> <!-- testLeftJoin -->
        <test-method status="PASS" signature="testResultSet()[pri:0, instance:nl.hugojanssen.sqlgraph.visitors.TableVisitorJoinTest@fa1f5]" name="testResultSet" duration-ms="0" started-at="2015-07-18T08:54:20Z" description="Tests size of the resultset" finished-at="2015-07-18T08:54:20Z">
          <reporter-output>
          </reporter-output>
        </test-method> <!-- testResultSet -->
        <test-method status="PASS" signature="testUnionAll()[pri:0, instance:nl.hugojanssen.sqlgraph.visitors.TableVisitorJoinTest@fa1f5]" name="testUnionAll" duration-ms="0" started-at="2015-07-18T08:54:20Z" description="Tests insert statements with union all" finished-at="2015-07-18T08:54:20Z">
          <reporter-output>
          </reporter-output>
        </test-method> <!-- testUnionAll -->
        <test-method status="PASS" signature="testSubquery()[pri:0, instance:nl.hugojanssen.sqlgraph.visitors.TableVisitorJoinTest@fa1f5]" name="testSubquery" duration-ms="0" started-at="2015-07-18T08:54:20Z" description="Tests insert statements with join on subquery" finished-at="2015-07-18T08:54:20Z">
          <reporter-output>
          </reporter-output>
        </test-method> <!-- testSubquery -->
      </class> <!-- nl.hugojanssen.sqlgraph.visitors.TableVisitorJoinTest -->
      <class name="nl.hugojanssen.sqlgraph.SQLParserUtilTest">
        <test-method status="PASS" signature="testDirectoryAsSQLFile()[pri:0, instance:nl.hugojanssen.sqlgraph.SQLParserUtilTest@ea25c1]" name="testDirectoryAsSQLFile" duration-ms="0" started-at="2015-07-18T08:54:20Z" description="Tests file without sql extension" finished-at="2015-07-18T08:54:20Z">
          <exception class="java.lang.IllegalArgumentException">
            <message>
              <![CDATA[Not an SQL file: C:\Users\hjanssen\workspace\sqlgraph\target\test-classes\scripts\invalid]]>
            </message>
            <full-stacktrace>
              <![CDATA[java.lang.IllegalArgumentException: Not an SQL file: C:\Users\hjanssen\workspace\sqlgraph\target\test-classes\scripts\invalid
	at nl.hugojanssen.sqlgraph.SQLParserUtil.validateSQLFile(SQLParserUtil.java:41)
	at nl.hugojanssen.sqlgraph.SQLParserUtilTest.testDirectoryAsSQLFile(SQLParserUtilTest.java:33)
	at sun.reflect.NativeMethodAccessorImpl.invoke0(Native Method)
	at sun.reflect.NativeMethodAccessorImpl.invoke(NativeMethodAccessorImpl.java:57)
	at sun.reflect.DelegatingMethodAccessorImpl.invoke(DelegatingMethodAccessorImpl.java:43)
	at java.lang.reflect.Method.invoke(Method.java:601)
	at org.testng.internal.MethodInvocationHelper.invokeMethod(MethodInvocationHelper.java:85)
	at org.testng.internal.Invoker.invokeMethod(Invoker.java:639)
	at org.testng.internal.Invoker.invokeTestMethod(Invoker.java:821)
	at org.testng.internal.Invoker.invokeTestMethods(Invoker.java:1131)
	at org.testng.internal.TestMethodWorker.invokeTestMethods(TestMethodWorker.java:124)
	at org.testng.internal.TestMethodWorker.run(TestMethodWorker.java:108)
	at org.testng.TestRunner.privateRun(TestRunner.java:773)
	at org.testng.TestRunner.run(TestRunner.java:623)
	at org.testng.SuiteRunner.runTest(SuiteRunner.java:357)
	at org.testng.SuiteRunner.runSequentially(SuiteRunner.java:352)
	at org.testng.SuiteRunner.privateRun(SuiteRunner.java:310)
	at org.testng.SuiteRunner.run(SuiteRunner.java:259)
	at org.testng.SuiteRunnerWorker.runSuite(SuiteRunnerWorker.java:52)
	at org.testng.SuiteRunnerWorker.run(SuiteRunnerWorker.java:86)
	at org.testng.TestNG.runSuitesSequentially(TestNG.java:1185)
	at org.testng.TestNG.runSuitesLocally(TestNG.java:1110)
	at org.testng.TestNG.run(TestNG.java:1018)
	at org.apache.maven.surefire.testng.TestNGExecutor.run(TestNGExecutor.java:70)
	at org.apache.maven.surefire.testng.TestNGDirectoryTestSuite.executeMulti(TestNGDirectoryTestSuite.java:158)
	at org.apache.maven.surefire.testng.TestNGDirectoryTestSuite.execute(TestNGDirectoryTestSuite.java:98)
	at org.apache.maven.surefire.testng.TestNGProvider.invoke(TestNGProvider.java:111)
	at sun.reflect.NativeMethodAccessorImpl.invoke0(Native Method)
	at sun.reflect.NativeMethodAccessorImpl.invoke(NativeMethodAccessorImpl.java:57)
	at sun.reflect.DelegatingMethodAccessorImpl.invoke(DelegatingMethodAccessorImpl.java:43)
	at java.lang.reflect.Method.invoke(Method.java:601)
	at org.apache.maven.surefire.util.ReflectionUtils.invokeMethodWithArray(ReflectionUtils.java:164)
	at org.apache.maven.surefire.booter.ProviderFactory$ProviderProxy.invoke(ProviderFactory.java:110)
	at org.apache.maven.surefire.booter.SurefireStarter.invokeProvider(SurefireStarter.java:175)
	at org.apache.maven.surefire.booter.SurefireStarter.runSuitesInProcessWhenForked(SurefireStarter.java:107)
	at org.apache.maven.surefire.booter.ForkedBooter.main(ForkedBooter.java:68)
]]>
            </full-stacktrace>
          </exception> <!-- java.lang.IllegalArgumentException -->
          <reporter-output>
          </reporter-output>
        </test-method> <!-- testDirectoryAsSQLFile -->
        <test-method status="PASS" signature="testFileWithNullExtension()[pri:0, instance:nl.hugojanssen.sqlgraph.SQLParserUtilTest@ea25c1]" name="testFileWithNullExtension" duration-ms="5" started-at="2015-07-18T08:54:20Z" description="Tests file with null extension" finished-at="2015-07-18T08:54:20Z">
          <reporter-output>
          </reporter-output>
        </test-method> <!-- testFileWithNullExtension -->
        <test-method status="PASS" signature="testFileDoesNotExists()[pri:0, instance:nl.hugojanssen.sqlgraph.SQLParserUtilTest@ea25c1]" name="testFileDoesNotExists" duration-ms="0" started-at="2015-07-18T08:54:20Z" description="Tests file without sql extension" finished-at="2015-07-18T08:54:20Z">
          <exception class="java.io.FileNotFoundException">
            <message>
              <![CDATA[File does not exist: \scripts\invalid\IDoNotExist.txt]]>
            </message>
            <full-stacktrace>
              <![CDATA[java.io.FileNotFoundException: File does not exist: \scripts\invalid\IDoNotExist.txt
	at nl.hugojanssen.sqlgraph.SQLParserUtil.validateFileOrDirectory(SQLParserUtil.java:27)
	at nl.hugojanssen.sqlgraph.SQLParserUtil.validateSQLFile(SQLParserUtil.java:37)
	at nl.hugojanssen.sqlgraph.SQLParserUtilTest.testFileDoesNotExists(SQLParserUtilTest.java:26)
	at sun.reflect.NativeMethodAccessorImpl.invoke0(Native Method)
	at sun.reflect.NativeMethodAccessorImpl.invoke(NativeMethodAccessorImpl.java:57)
	at sun.reflect.DelegatingMethodAccessorImpl.invoke(DelegatingMethodAccessorImpl.java:43)
	at java.lang.reflect.Method.invoke(Method.java:601)
	at org.testng.internal.MethodInvocationHelper.invokeMethod(MethodInvocationHelper.java:85)
	at org.testng.internal.Invoker.invokeMethod(Invoker.java:639)
	at org.testng.internal.Invoker.invokeTestMethod(Invoker.java:821)
	at org.testng.internal.Invoker.invokeTestMethods(Invoker.java:1131)
	at org.testng.internal.TestMethodWorker.invokeTestMethods(TestMethodWorker.java:124)
	at org.testng.internal.TestMethodWorker.run(TestMethodWorker.java:108)
	at org.testng.TestRunner.privateRun(TestRunner.java:773)
	at org.testng.TestRunner.run(TestRunner.java:623)
	at org.testng.SuiteRunner.runTest(SuiteRunner.java:357)
	at org.testng.SuiteRunner.runSequentially(SuiteRunner.java:352)
	at org.testng.SuiteRunner.privateRun(SuiteRunner.java:310)
	at org.testng.SuiteRunner.run(SuiteRunner.java:259)
	at org.testng.SuiteRunnerWorker.runSuite(SuiteRunnerWorker.java:52)
	at org.testng.SuiteRunnerWorker.run(SuiteRunnerWorker.java:86)
	at org.testng.TestNG.runSuitesSequentially(TestNG.java:1185)
	at org.testng.TestNG.runSuitesLocally(TestNG.java:1110)
	at org.testng.TestNG.run(TestNG.java:1018)
	at org.apache.maven.surefire.testng.TestNGExecutor.run(TestNGExecutor.java:70)
	at org.apache.maven.surefire.testng.TestNGDirectoryTestSuite.executeMulti(TestNGDirectoryTestSuite.java:158)
	at org.apache.maven.surefire.testng.TestNGDirectoryTestSuite.execute(TestNGDirectoryTestSuite.java:98)
	at org.apache.maven.surefire.testng.TestNGProvider.invoke(TestNGProvider.java:111)
	at sun.reflect.NativeMethodAccessorImpl.invoke0(Native Method)
	at sun.reflect.NativeMethodAccessorImpl.invoke(NativeMethodAccessorImpl.java:57)
	at sun.reflect.DelegatingMethodAccessorImpl.invoke(DelegatingMethodAccessorImpl.java:43)
	at java.lang.reflect.Method.invoke(Method.java:601)
	at org.apache.maven.surefire.util.ReflectionUtils.invokeMethodWithArray(ReflectionUtils.java:164)
	at org.apache.maven.surefire.booter.ProviderFactory$ProviderProxy.invoke(ProviderFactory.java:110)
	at org.apache.maven.surefire.booter.SurefireStarter.invokeProvider(SurefireStarter.java:175)
	at org.apache.maven.surefire.booter.SurefireStarter.runSuitesInProcessWhenForked(SurefireStarter.java:107)
	at org.apache.maven.surefire.booter.ForkedBooter.main(ForkedBooter.java:68)
]]>
            </full-stacktrace>
          </exception> <!-- java.io.FileNotFoundException -->
          <reporter-output>
          </reporter-output>
        </test-method> <!-- testFileDoesNotExists -->
        <test-method status="PASS" signature="testFileWithoutExtension()[pri:0, instance:nl.hugojanssen.sqlgraph.SQLParserUtilTest@ea25c1]" name="testFileWithoutExtension" duration-ms="0" started-at="2015-07-18T08:54:20Z" description="Tests file without extension" finished-at="2015-07-18T08:54:20Z">
          <reporter-output>
          </reporter-output>
        </test-method> <!-- testFileWithoutExtension -->
        <test-method status="PASS" signature="testInvalidSQLFile()[pri:0, instance:nl.hugojanssen.sqlgraph.SQLParserUtilTest@ea25c1]" name="testInvalidSQLFile" duration-ms="0" started-at="2015-07-18T08:54:20Z" description="Tests invalid sql file" finished-at="2015-07-18T08:54:20Z">
          <reporter-output>
          </reporter-output>
        </test-method> <!-- testInvalidSQLFile -->
        <test-method status="PASS" signature="testNotAnSQLFile()[pri:0, instance:nl.hugojanssen.sqlgraph.SQLParserUtilTest@ea25c1]" name="testNotAnSQLFile" duration-ms="0" started-at="2015-07-18T08:54:20Z" description="Tests file without sql extension" finished-at="2015-07-18T08:54:20Z">
          <exception class="java.lang.IllegalArgumentException">
            <message>
              <![CDATA[Not an SQL file: C:\Users\hjanssen\workspace\sqlgraph\target\test-classes\scripts\invalid\NotAnSQLFile.txt]]>
            </message>
            <full-stacktrace>
              <![CDATA[java.lang.IllegalArgumentException: Not an SQL file: C:\Users\hjanssen\workspace\sqlgraph\target\test-classes\scripts\invalid\NotAnSQLFile.txt
	at nl.hugojanssen.sqlgraph.SQLParserUtil.validateSQLFile(SQLParserUtil.java:41)
	at nl.hugojanssen.sqlgraph.SQLParserUtilTest.testNotAnSQLFile(SQLParserUtilTest.java:40)
	at sun.reflect.NativeMethodAccessorImpl.invoke0(Native Method)
	at sun.reflect.NativeMethodAccessorImpl.invoke(NativeMethodAccessorImpl.java:57)
	at sun.reflect.DelegatingMethodAccessorImpl.invoke(DelegatingMethodAccessorImpl.java:43)
	at java.lang.reflect.Method.invoke(Method.java:601)
	at org.testng.internal.MethodInvocationHelper.invokeMethod(MethodInvocationHelper.java:85)
	at org.testng.internal.Invoker.invokeMethod(Invoker.java:639)
	at org.testng.internal.Invoker.invokeTestMethod(Invoker.java:821)
	at org.testng.internal.Invoker.invokeTestMethods(Invoker.java:1131)
	at org.testng.internal.TestMethodWorker.invokeTestMethods(TestMethodWorker.java:124)
	at org.testng.internal.TestMethodWorker.run(TestMethodWorker.java:108)
	at org.testng.TestRunner.privateRun(TestRunner.java:773)
	at org.testng.TestRunner.run(TestRunner.java:623)
	at org.testng.SuiteRunner.runTest(SuiteRunner.java:357)
	at org.testng.SuiteRunner.runSequentially(SuiteRunner.java:352)
	at org.testng.SuiteRunner.privateRun(SuiteRunner.java:310)
	at org.testng.SuiteRunner.run(SuiteRunner.java:259)
	at org.testng.SuiteRunnerWorker.runSuite(SuiteRunnerWorker.java:52)
	at org.testng.SuiteRunnerWorker.run(SuiteRunnerWorker.java:86)
	at org.testng.TestNG.runSuitesSequentially(TestNG.java:1185)
	at org.testng.TestNG.runSuitesLocally(TestNG.java:1110)
	at org.testng.TestNG.run(TestNG.java:1018)
	at org.apache.maven.surefire.testng.TestNGExecutor.run(TestNGExecutor.java:70)
	at org.apache.maven.surefire.testng.TestNGDirectoryTestSuite.executeMulti(TestNGDirectoryTestSuite.java:158)
	at org.apache.maven.surefire.testng.TestNGDirectoryTestSuite.execute(TestNGDirectoryTestSuite.java:98)
	at org.apache.maven.surefire.testng.TestNGProvider.invoke(TestNGProvider.java:111)
	at sun.reflect.NativeMethodAccessorImpl.invoke0(Native Method)
	at sun.reflect.NativeMethodAccessorImpl.invoke(NativeMethodAccessorImpl.java:57)
	at sun.reflect.DelegatingMethodAccessorImpl.invoke(DelegatingMethodAccessorImpl.java:43)
	at java.lang.reflect.Method.invoke(Method.java:601)
	at org.apache.maven.surefire.util.ReflectionUtils.invokeMethodWithArray(ReflectionUtils.java:164)
	at org.apache.maven.surefire.booter.ProviderFactory$ProviderProxy.invoke(ProviderFactory.java:110)
	at org.apache.maven.surefire.booter.SurefireStarter.invokeProvider(SurefireStarter.java:175)
	at org.apache.maven.surefire.booter.SurefireStarter.runSuitesInProcessWhenForked(SurefireStarter.java:107)
	at org.apache.maven.surefire.booter.ForkedBooter.main(ForkedBooter.java:68)
]]>
            </full-stacktrace>
          </exception> <!-- java.lang.IllegalArgumentException -->
          <reporter-output>
          </reporter-output>
        </test-method> <!-- testNotAnSQLFile -->
        <test-method status="PASS" signature="testNullFile()[pri:0, instance:nl.hugojanssen.sqlgraph.SQLParserUtilTest@ea25c1]" name="testNullFile" duration-ms="0" started-at="2015-07-18T08:54:20Z" description="Tests null argument" finished-at="2015-07-18T08:54:20Z">
          <exception class="java.lang.IllegalArgumentException">
            <message>
              <![CDATA[File should not be null.]]>
            </message>
            <full-stacktrace>
              <![CDATA[java.lang.IllegalArgumentException: File should not be null.
	at nl.hugojanssen.sqlgraph.SQLParserUtil.validateFileOrDirectory(SQLParserUtil.java:23)
	at nl.hugojanssen.sqlgraph.SQLParserUtil.validateSQLFile(SQLParserUtil.java:37)
	at nl.hugojanssen.sqlgraph.SQLParserUtilTest.testNullFile(SQLParserUtilTest.java:46)
	at sun.reflect.NativeMethodAccessorImpl.invoke0(Native Method)
	at sun.reflect.NativeMethodAccessorImpl.invoke(NativeMethodAccessorImpl.java:57)
	at sun.reflect.DelegatingMethodAccessorImpl.invoke(DelegatingMethodAccessorImpl.java:43)
	at java.lang.reflect.Method.invoke(Method.java:601)
	at org.testng.internal.MethodInvocationHelper.invokeMethod(MethodInvocationHelper.java:85)
	at org.testng.internal.Invoker.invokeMethod(Invoker.java:639)
	at org.testng.internal.Invoker.invokeTestMethod(Invoker.java:821)
	at org.testng.internal.Invoker.invokeTestMethods(Invoker.java:1131)
	at org.testng.internal.TestMethodWorker.invokeTestMethods(TestMethodWorker.java:124)
	at org.testng.internal.TestMethodWorker.run(TestMethodWorker.java:108)
	at org.testng.TestRunner.privateRun(TestRunner.java:773)
	at org.testng.TestRunner.run(TestRunner.java:623)
	at org.testng.SuiteRunner.runTest(SuiteRunner.java:357)
	at org.testng.SuiteRunner.runSequentially(SuiteRunner.java:352)
	at org.testng.SuiteRunner.privateRun(SuiteRunner.java:310)
	at org.testng.SuiteRunner.run(SuiteRunner.java:259)
	at org.testng.SuiteRunnerWorker.runSuite(SuiteRunnerWorker.java:52)
	at org.testng.SuiteRunnerWorker.run(SuiteRunnerWorker.java:86)
	at org.testng.TestNG.runSuitesSequentially(TestNG.java:1185)
	at org.testng.TestNG.runSuitesLocally(TestNG.java:1110)
	at org.testng.TestNG.run(TestNG.java:1018)
	at org.apache.maven.surefire.testng.TestNGExecutor.run(TestNGExecutor.java:70)
	at org.apache.maven.surefire.testng.TestNGDirectoryTestSuite.executeMulti(TestNGDirectoryTestSuite.java:158)
	at org.apache.maven.surefire.testng.TestNGDirectoryTestSuite.execute(TestNGDirectoryTestSuite.java:98)
	at org.apache.maven.surefire.testng.TestNGProvider.invoke(TestNGProvider.java:111)
	at sun.reflect.NativeMethodAccessorImpl.invoke0(Native Method)
	at sun.reflect.NativeMethodAccessorImpl.invoke(NativeMethodAccessorImpl.java:57)
	at sun.reflect.DelegatingMethodAccessorImpl.invoke(DelegatingMethodAccessorImpl.java:43)
	at java.lang.reflect.Method.invoke(Method.java:601)
	at org.apache.maven.surefire.util.ReflectionUtils.invokeMethodWithArray(ReflectionUtils.java:164)
	at org.apache.maven.surefire.booter.ProviderFactory$ProviderProxy.invoke(ProviderFactory.java:110)
	at org.apache.maven.surefire.booter.SurefireStarter.invokeProvider(SurefireStarter.java:175)
	at org.apache.maven.surefire.booter.SurefireStarter.runSuitesInProcessWhenForked(SurefireStarter.java:107)
	at org.apache.maven.surefire.booter.ForkedBooter.main(ForkedBooter.java:68)
]]>
            </full-stacktrace>
          </exception> <!-- java.lang.IllegalArgumentException -->
          <reporter-output>
          </reporter-output>
        </test-method> <!-- testNullFile -->
      </class> <!-- nl.hugojanssen.sqlgraph.SQLParserUtilTest -->
      <class name="nl.hugojanssen.sqlgraph.model.sql.SQLWorkflowTest">
        <test-method status="PASS" signature="testConstructor()[pri:0, instance:nl.hugojanssen.sqlgraph.model.sql.SQLWorkflowTest@16b0c24]" name="testConstructor" duration-ms="0" started-at="2015-07-18T08:54:20Z" description="Tests constructor" finished-at="2015-07-18T08:54:20Z">
          <reporter-output>
          </reporter-output>
        </test-method> <!-- testConstructor -->
        <test-method status="PASS" signature="testAddWorkflowFile()[pri:0, instance:nl.hugojanssen.sqlgraph.model.sql.SQLWorkflowTest@16b0c24]" name="testAddWorkflowFile" duration-ms="2" depends-on-groups="construct-workflow" started-at="2015-07-18T08:54:20Z" description="Tests addWorkflowFile" finished-at="2015-07-18T08:54:20Z">
          <reporter-output>
          </reporter-output>
        </test-method> <!-- testAddWorkflowFile -->
        <test-method status="PASS" signature="testAddWorkflowFileNull()[pri:0, instance:nl.hugojanssen.sqlgraph.model.sql.SQLWorkflowTest@16b0c24]" name="testAddWorkflowFileNull" duration-ms="0" depends-on-groups="construct-workflow" started-at="2015-07-18T08:54:20Z" description="Tests addWorkflowFile null" finished-at="2015-07-18T08:54:20Z">
          <exception class="java.lang.IllegalArgumentException">
            <message>
              <![CDATA[File should not be null.]]>
            </message>
            <full-stacktrace>
              <![CDATA[java.lang.IllegalArgumentException: File should not be null.
	at nl.hugojanssen.sqlgraph.SQLParserUtil.validateFileOrDirectory(SQLParserUtil.java:23)
	at nl.hugojanssen.sqlgraph.model.sql.SQLWorkflow.addWorkflowFile(SQLWorkflow.java:40)
	at nl.hugojanssen.sqlgraph.model.sql.SQLWorkflowTest.testAddWorkflowFileNull(SQLWorkflowTest.java:50)
	at sun.reflect.NativeMethodAccessorImpl.invoke0(Native Method)
	at sun.reflect.NativeMethodAccessorImpl.invoke(NativeMethodAccessorImpl.java:57)
	at sun.reflect.DelegatingMethodAccessorImpl.invoke(DelegatingMethodAccessorImpl.java:43)
	at java.lang.reflect.Method.invoke(Method.java:601)
	at org.testng.internal.MethodInvocationHelper.invokeMethod(MethodInvocationHelper.java:85)
	at org.testng.internal.Invoker.invokeMethod(Invoker.java:639)
	at org.testng.internal.Invoker.invokeTestMethod(Invoker.java:821)
	at org.testng.internal.Invoker.invokeTestMethods(Invoker.java:1131)
	at org.testng.internal.TestMethodWorker.invokeTestMethods(TestMethodWorker.java:124)
	at org.testng.internal.TestMethodWorker.run(TestMethodWorker.java:108)
	at org.testng.TestRunner.privateRun(TestRunner.java:773)
	at org.testng.TestRunner.run(TestRunner.java:623)
	at org.testng.SuiteRunner.runTest(SuiteRunner.java:357)
	at org.testng.SuiteRunner.runSequentially(SuiteRunner.java:352)
	at org.testng.SuiteRunner.privateRun(SuiteRunner.java:310)
	at org.testng.SuiteRunner.run(SuiteRunner.java:259)
	at org.testng.SuiteRunnerWorker.runSuite(SuiteRunnerWorker.java:52)
	at org.testng.SuiteRunnerWorker.run(SuiteRunnerWorker.java:86)
	at org.testng.TestNG.runSuitesSequentially(TestNG.java:1185)
	at org.testng.TestNG.runSuitesLocally(TestNG.java:1110)
	at org.testng.TestNG.run(TestNG.java:1018)
	at org.apache.maven.surefire.testng.TestNGExecutor.run(TestNGExecutor.java:70)
	at org.apache.maven.surefire.testng.TestNGDirectoryTestSuite.executeMulti(TestNGDirectoryTestSuite.java:158)
	at org.apache.maven.surefire.testng.TestNGDirectoryTestSuite.execute(TestNGDirectoryTestSuite.java:98)
	at org.apache.maven.surefire.testng.TestNGProvider.invoke(TestNGProvider.java:111)
	at sun.reflect.NativeMethodAccessorImpl.invoke0(Native Method)
	at sun.reflect.NativeMethodAccessorImpl.invoke(NativeMethodAccessorImpl.java:57)
	at sun.reflect.DelegatingMethodAccessorImpl.invoke(DelegatingMethodAccessorImpl.java:43)
	at java.lang.reflect.Method.invoke(Method.java:601)
	at org.apache.maven.surefire.util.ReflectionUtils.invokeMethodWithArray(ReflectionUtils.java:164)
	at org.apache.maven.surefire.booter.ProviderFactory$ProviderProxy.invoke(ProviderFactory.java:110)
	at org.apache.maven.surefire.booter.SurefireStarter.invokeProvider(SurefireStarter.java:175)
	at org.apache.maven.surefire.booter.SurefireStarter.runSuitesInProcessWhenForked(SurefireStarter.java:107)
	at org.apache.maven.surefire.booter.ForkedBooter.main(ForkedBooter.java:68)
]]>
            </full-stacktrace>
          </exception> <!-- java.lang.IllegalArgumentException -->
          <reporter-output>
          </reporter-output>
        </test-method> <!-- testAddWorkflowFileNull -->
        <test-method status="PASS" signature="testAddVisitor()[pri:0, instance:nl.hugojanssen.sqlgraph.model.sql.SQLWorkflowTest@16b0c24]" name="testAddVisitor" duration-ms="2" depends-on-groups="addfiles" started-at="2015-07-18T08:54:20Z" description="Test addVisitor" finished-at="2015-07-18T08:54:20Z">
          <reporter-output>
          </reporter-output>
        </test-method> <!-- testAddVisitor -->
        <test-method status="PASS" signature="testParse()[pri:0, instance:nl.hugojanssen.sqlgraph.model.sql.SQLWorkflowTest@16b0c24]" name="testParse" duration-ms="65" depends-on-groups="visitors" started-at="2015-07-18T08:54:20Z" description="Test parse" finished-at="2015-07-18T08:54:20Z">
          <reporter-output>
          </reporter-output>
        </test-method> <!-- testParse -->
      </class> <!-- nl.hugojanssen.sqlgraph.model.sql.SQLWorkflowTest -->
      <class name="nl.hugojanssen.sqlgraph.visitors.TableVisitorCreateTableTest">
        <test-method status="PASS" signature="testResultSet()[pri:0, instance:nl.hugojanssen.sqlgraph.visitors.TableVisitorCreateTableTest@70114c]" name="testResultSet" duration-ms="0" started-at="2015-07-18T08:54:20Z" description="Tests size of the resultset" finished-at="2015-07-18T08:54:20Z">
          <reporter-output>
          </reporter-output>
        </test-method> <!-- testResultSet -->
        <test-method status="PASS" signature="testCreateFilms()[pri:0, instance:nl.hugojanssen.sqlgraph.visitors.TableVisitorCreateTableTest@70114c]" name="testCreateFilms" duration-ms="0" started-at="2015-07-18T08:54:20Z" description="Creates films table" finished-at="2015-07-18T08:54:20Z">
          <reporter-output>
          </reporter-output>
        </test-method> <!-- testCreateFilms -->
        <test-method status="PASS" signature="testCreateTableDistributors()[pri:0, instance:nl.hugojanssen.sqlgraph.visitors.TableVisitorCreateTableTest@70114c]" name="testCreateTableDistributors" duration-ms="0" started-at="2015-07-18T08:54:20Z" description="Creates distributors table" finished-at="2015-07-18T08:54:20Z">
          <reporter-output>
          </reporter-output>
        </test-method> <!-- testCreateTableDistributors -->
      </class> <!-- nl.hugojanssen.sqlgraph.visitors.TableVisitorCreateTableTest -->
    </test> <!-- Command line test -->
  </suite> <!-- Command line suite -->
</testng-results>
